<?xml version="1.0" encoding="UTF-8"?>
<testng-results ignored="0" total="1" passed="1" failed="0" skipped="0">
  <reporter-output>
  </reporter-output>
  <suite started-at="2021-12-06T19:42:10 IST" name="Suite" finished-at="2021-12-06T19:42:28 IST" duration-ms="18043">
    <groups>
    </groups>
    <test started-at="2021-12-06T19:42:10 IST" name="Test" finished-at="2021-12-06T19:42:28 IST" duration-ms="18043">
      <class name="com.picture.testcases.Testlinks">
        <test-method signature="testpicturelinks()[pri:0, instance:com.picture.testcases.Testlinks@53fdffa1]" started-at="2021-12-06T19:42:10 IST" name="testpicturelinks" finished-at="2021-12-06T19:42:28 IST" duration-ms="17879" status="PASS">
          <reporter-output>
          </reporter-output>
        </test-method> <!-- testpicturelinks -->
      </class> <!-- com.picture.testcases.Testlinks -->
    </test> <!-- Test -->
  </suite> <!-- Suite -->
</testng-results>
